Arguments: 
  C:\Program Files\nodejs\node.exe C:\Users\mdray\AppData\Roaming\npm\node_modules\yarn\bin\yarn.js add @nestjs/common @nestjs/core @nestjs/graphql graphql-subscriptions graphql-tools reflect-metadata rxjs sequelize-typescript subscription-transport-ws ws typescript

PATH: 
  C:\Program Files\WindowsApps\Microsoft.PowerShell_7.1.5.0_x64__8wekyb3d8bbwe;C:\Python310\Scripts\;C:\Python310\;C:\Program Files\Common Files\Oracle\Java\javapath;C:\Python39\Scripts\;C:\Python39\;C:\Windows\system32;C:\Windows;C:\Windows\System32\Wbem;C:\Windows\System32\WindowsPowerShell\v1.0\;C:\Windows\System32\OpenSSH\;C:\Program Files (x86)\NVIDIA Corporation\PhysX\Common;C:\Program Files\NVIDIA Corporation\NVIDIA NvDLISR;C:\WINDOWS\system32;C:\WINDOWS;C:\WINDOWS\System32\Wbem;C:\WINDOWS\System32\WindowsPowerShell\v1.0\;C:\WINDOWS\System32\OpenSSH\;C:\ProgramData\chocolatey\bin;C:\Program Files\Microsoft VS Code\bin;C:\Program Files\dotnet\;C:\Program Files\Amazon\AWSCLIV2\;C:\Program Files\PostgreSQL\13\bin;C:\Program Files (x86)\dotnet\;C:\Program Files\Docker\Docker\resources\bin;C:\ProgramData\DockerDesktop\version-bin;C:\Program Files\Git\cmd;C:\Program Files\nodejs\;C:\Users\mdray\.cargo\bin;C:\Users\mdray\AppData\Local\Microsoft\WindowsApps;C:\Users\mdray\.dotnet\tools;C:\Program Files\mongosh\;C:\tools\neovim\Neovim\bin;C:\Users\mdray\AppData\Roaming\npm

Yarn version: 
  1.22.10

Node version: 
  17.0.1

Platform: 
  win32 x64

Trace: 
  Error: https://registry.yarnpkg.com/subscription-transport-ws: Not found
      at Request.params.callback [as _callback] (C:\Users\mdray\AppData\Roaming\npm\node_modules\yarn\lib\cli.js:66988:18)
      at Request.self.callback (C:\Users\mdray\AppData\Roaming\npm\node_modules\yarn\lib\cli.js:140662:22)
      at Request.emit (node:events:390:28)
      at Request.<anonymous> (C:\Users\mdray\AppData\Roaming\npm\node_modules\yarn\lib\cli.js:141634:10)
      at Request.emit (node:events:390:28)
      at IncomingMessage.<anonymous> (C:\Users\mdray\AppData\Roaming\npm\node_modules\yarn\lib\cli.js:141556:12)
      at Object.onceWrapper (node:events:509:28)
      at IncomingMessage.emit (node:events:402:35)
      at endReadableNT (node:internal/streams/readable:1340:12)
      at processTicksAndRejections (node:internal/process/task_queues:83:21)

npm manifest: 
  {
    "name": "api",
    "version": "1.0.0",
    "main": "index.js",
    "repository": "https://github.com/17robots/api",
    "author": "17robots <mdray@ameritech.net>",
    "license": "MIT",
    "scripts": {
      "start": "node 'dist/server.js'",
      "build": "tsc -p . && npc scr/schema dist/schema",
      "start:dev": "yarn build:dev",
      "build:dev": "nodemon 'src/server.ts' --exec 'ts-node' src/server.ts -e ts,graphql"
    },
    "dependencies": {
      "apollo-server-express": "^3.4.0",
      "compression": "^1.7.4",
      "cors": "^2.8.5",
      "express": "^4.17.1",
      "graphql": "^15.7.1",
      "http": "^0.0.1-security",
      "mysql2": "^2.3.2",
      "ncp": "^2.0.0",
      "sequelize": "^6.8.0"
    },
    "devDependencies": {
      "@types/compression": "^1.7.2",
      "@types/express": "^4.17.13",
      "@types/graphql": "^14.5.0",
      "@types/graphql-depth-limit": "^1.1.3",
      "@types/node": "^16.11.6",
      "graphql-depth-limit": "^1.1.0",
      "graphql-import": "^1.0.2",
      "graphql-import-node": "^0.0.4",
      "nodemon": "^2.0.14",
      "ts-node": "^10.4.0",
      "typescript": "^4.4.4"
    }
  }

yarn manifest: 
  No manifest

Lockfile: 
  No lockfile
